d:\zennyhenny\coding\cheetos\self coded stuff\all old skarware stuff\skarware v7\skarware\skarware\vc143.pdb
d:\zennyhenny\coding\cheetos\self coded stuff\all old skarware stuff\skarware v7\skarware\skarware\imgui_widgets.obj
d:\zennyhenny\coding\cheetos\self coded stuff\all old skarware stuff\skarware v7\skarware\skarware\imgui_tables.obj
d:\zennyhenny\coding\cheetos\self coded stuff\all old skarware stuff\skarware v7\skarware\skarware\imgui_impl_win32.obj
d:\zennyhenny\coding\cheetos\self coded stuff\all old skarware stuff\skarware v7\skarware\skarware\imgui_impl_dx9.obj
d:\zennyhenny\coding\cheetos\self coded stuff\all old skarware stuff\skarware v7\skarware\skarware\imgui_draw.obj
d:\zennyhenny\coding\cheetos\self coded stuff\all old skarware stuff\skarware v7\skarware\skarware\imgui_demo.obj
d:\zennyhenny\coding\cheetos\self coded stuff\all old skarware stuff\skarware v7\skarware\skarware\imgui.obj
d:\zennyhenny\coding\cheetos\self coded stuff\all old skarware stuff\skarware v7\skarware\skarware\external.obj
d:\zennyhenny\coding\cheetos\self coded stuff\all old skarware stuff\skarware v7\skarware\skarware\driverdefs.obj
d:\zennyhenny\coding\cheetos\self coded stuff\all old skarware stuff\skarware v7\skarware\build\skarware.exe
d:\zennyhenny\coding\cheetos\self coded stuff\all old skarware stuff\skarware v7\skarware\skarware\skarware.ipdb
d:\zennyhenny\coding\cheetos\self coded stuff\all old skarware stuff\skarware v7\skarware\skarware\skarware.iobj
d:\zennyhenny\coding\cheetos\self coded stuff\all old skarware stuff\skarware v7\skarware\skarware\skarware.tlog\cl.command.1.tlog
d:\zennyhenny\coding\cheetos\self coded stuff\all old skarware stuff\skarware v7\skarware\skarware\skarware.tlog\cl.items.tlog
d:\zennyhenny\coding\cheetos\self coded stuff\all old skarware stuff\skarware v7\skarware\skarware\skarware.tlog\cl.read.1.tlog
d:\zennyhenny\coding\cheetos\self coded stuff\all old skarware stuff\skarware v7\skarware\skarware\skarware.tlog\cl.write.1.tlog
d:\zennyhenny\coding\cheetos\self coded stuff\all old skarware stuff\skarware v7\skarware\skarware\skarware.tlog\link.command.1.tlog
d:\zennyhenny\coding\cheetos\self coded stuff\all old skarware stuff\skarware v7\skarware\skarware\skarware.tlog\link.read.1.tlog
d:\zennyhenny\coding\cheetos\self coded stuff\all old skarware stuff\skarware v7\skarware\skarware\skarware.tlog\link.write.1.tlog
